\BOOKMARK [1][-]{section.1}{Preliminary}{}% 1
\BOOKMARK [2][-]{subsection.1.1}{Conventions}{section.1}% 2
\BOOKMARK [2][-]{subsection.1.2}{Free\040fermions}{section.1}% 3
\BOOKMARK [2][-]{subsection.1.3}{Free\040boson}{section.1}% 4
\BOOKMARK [2][-]{subsection.1.4}{Symmetries\040at\040the\040classical\040level}{section.1}% 5
\BOOKMARK [2][-]{subsection.1.5}{Symmetry\040at\040the\040quantum\040level}{section.1}% 6
\BOOKMARK [2][-]{subsection.1.6}{Renormalization\040group}{section.1}% 7
\BOOKMARK [1][-]{section.2}{Conformal\040symmetry\040in\040d>2\040dimensions}{}% 8
\BOOKMARK [1][-]{section.3}{Conformal\040symmetry\040in\040two\040dimension}{}% 9
\BOOKMARK [2][-]{subsection.3.1}{Global\040and\040local\040conformal\040symmetries}{section.3}% 10
\BOOKMARK [2][-]{subsection.3.2}{From\040correlation\040functions\040to\040OPE}{section.3}% 11
\BOOKMARK [2][-]{subsection.3.3}{Energy-momentum\040tensor\040and\040central\040charge}{section.3}% 12
\BOOKMARK [1][-]{section.4}{Operator\040formalism}{}% 13
\BOOKMARK [2][-]{subsection.4.1}{Radial\040quantization}{section.4}% 14
\BOOKMARK [2][-]{subsection.4.2}{Virasoro\040agebra}{section.4}% 15
\BOOKMARK [2][-]{subsection.4.3}{The\040Free\040Boson}{section.4}% 16
\BOOKMARK [3][-]{subsubsection.4.3.1}{Canonical\040Quantization\040on\040the\040Cylinder}{subsection.4.3}% 17
\BOOKMARK [3][-]{subsubsection.4.3.2}{Vertex\040Operators}{subsection.4.3}% 18
\BOOKMARK [2][-]{subsection.4.4}{The\040Fock\040Space}{section.4}% 19
\BOOKMARK [3][-]{subsubsection.4.4.1}{Twisted\040Boundary\040Conditions}{subsection.4.4}% 20
\BOOKMARK [3][-]{subsubsection.4.4.2}{Compactified\040Boson}{subsection.4.4}% 21
\BOOKMARK [2][-]{subsection.4.5}{The\040Free\040Fermion}{section.4}% 22
\BOOKMARK [3][-]{subsubsection.4.5.1}{Canonical\040Quantization\040on\040a\040Cylinder}{subsection.4.5}% 23
\BOOKMARK [3][-]{subsubsection.4.5.2}{Mapping\040onto\040the\040Plane}{subsection.4.5}% 24
\BOOKMARK [3][-]{subsubsection.4.5.3}{Vacuum\040Energies}{subsection.4.5}% 25
\BOOKMARK [1][-]{section.5}{Boundary\040cft}{}% 26
\BOOKMARK [1][-]{appendix.A}{Central\040extensions\040of\040Lie\040algebras}{}% 27
\BOOKMARK [2][-]{subsection.A.1}{Extensions}{appendix.A}% 28
\BOOKMARK [2][-]{subsection.A.2}{Lie\040algebra\040cohomology}{appendix.A}% 29
\BOOKMARK [1][-]{equation.A.135}{References}{}% 30
